[0m20:17:05.760131 [debug] [MainThread]: Sending event: {'category': 'dbt', 'action': 'invocation', 'label': 'start', 'context': [<snowplow_tracker.self_describing_json.SelfDescribingJson object at 0x7fc431364fe0>, <snowplow_tracker.self_describing_json.SelfDescribingJson object at 0x7fc43127f5f0>, <snowplow_tracker.self_describing_json.SelfDescribingJson object at 0x7fc432ef0aa0>]}


============================== 20:17:05.765037 | 19ca07c3-7a56-4b1e-8f8a-5894d9861b3f ==============================
[0m20:17:05.765037 [info ] [MainThread]: Running with dbt=1.10.13
[0m20:17:05.765655 [debug] [MainThread]: running dbt with arguments {'log_cache_events': 'False', 'target_path': 'None', 'introspect': 'True', 'use_colors': 'True', 'no_print': 'None', 'debug': 'False', 'warn_error': 'None', 'printer_width': '80', 'indirect_selection': 'eager', 'cache_selected_only': 'False', 'empty': 'None', 'fail_fast': 'False', 'partial_parse': 'True', 'profiles_dir': '/home/codru/.dbt', 'invocation_command': 'dbt init transformation', 'log_path': 'logs', 'warn_error_options': 'WarnErrorOptionsV2(error=[], warn=[], silence=[])', 'use_experimental_parser': 'False', 'static_parser': 'True', 'write_json': 'True', 'log_format': 'default', 'send_anonymous_usage_stats': 'True', 'quiet': 'False', 'version_check': 'True'}
[0m20:17:05.800754 [debug] [MainThread]: Starter project path: /home/codru/.local/lib/python3.12/site-packages/dbt/include/starter_project
[0m20:17:05.809394 [info ] [MainThread]: 
Your new dbt project "transformation" was created!

For more information on how to configure the profiles.yml file,
please consult the dbt documentation here:

  https://docs.getdbt.com/docs/configure-your-profile

One more thing:

Need help? Don't hesitate to reach out to us via GitHub issues or on Slack:

  https://community.getdbt.com/

Happy modeling!

[0m20:17:05.809765 [info ] [MainThread]: Setting up your profile.
[0m20:17:22.902951 [error] [MainThread]: Encountered an error:

[0m20:17:22.916705 [error] [MainThread]: Traceback (most recent call last):
  File "/home/codru/.local/lib/python3.12/site-packages/dbt/cli/requires.py", line 178, in wrapper
    result, success = func(*args, **kwargs)
                      ^^^^^^^^^^^^^^^^^^^^^
  File "/home/codru/.local/lib/python3.12/site-packages/dbt/cli/requires.py", line 128, in wrapper
    return func(*args, **kwargs)
           ^^^^^^^^^^^^^^^^^^^^^
  File "/home/codru/.local/lib/python3.12/site-packages/dbt/cli/main.py", line 483, in init
    results = task.run()
              ^^^^^^^^^^
  File "/home/codru/.local/lib/python3.12/site-packages/dbt/task/init.py", line 346, in run
    self.setup_profile(profile_name)
  File "/home/codru/.local/lib/python3.12/site-packages/dbt/task/init.py", line 262, in setup_profile
    self.create_profile_from_target(adapter, profile_name=profile_name)
  File "/home/codru/.local/lib/python3.12/site-packages/dbt/task/init.py", line 179, in create_profile_from_target
    self.create_profile_from_profile_template(profile_template, profile_name)
  File "/home/codru/.local/lib/python3.12/site-packages/dbt/task/init.py", line 163, in create_profile_from_profile_template
    target = self.generate_target_from_input(prompts, initial_target)
             ^^^^^^^^^^^^^^^^^^^^^^^^^^^^^^^^^^^^^^^^^^^^^^^^^^^^^^^^
  File "/home/codru/.local/lib/python3.12/site-packages/dbt/task/init.py", line 129, in generate_target_from_input
    target[key] = click.prompt(
                  ^^^^^^^^^^^^^
  File "/usr/lib/python3/dist-packages/click/termui.py", line 168, in prompt
    value = prompt_func(prompt)
            ^^^^^^^^^^^^^^^^^^^
  File "/usr/lib/python3/dist-packages/click/termui.py", line 150, in prompt_func
    raise Abort() from None
click.exceptions.Abort

[0m20:17:22.922923 [debug] [MainThread]: Resource report: {"command_name": "init", "command_success": false, "command_wall_clock_time": 17.211878, "process_in_blocks": "69616", "process_kernel_time": 0.225881, "process_mem_max_rss": "103136", "process_out_blocks": "64", "process_user_time": 1.520358}
[0m20:17:22.924833 [debug] [MainThread]: Command `dbt init` failed at 20:17:22.924429 after 17.21 seconds
[0m20:17:22.926286 [debug] [MainThread]: Sending event: {'category': 'dbt', 'action': 'invocation', 'label': 'end', 'context': [<snowplow_tracker.self_describing_json.SelfDescribingJson object at 0x7fc43098c560>, <snowplow_tracker.self_describing_json.SelfDescribingJson object at 0x7fc43098cef0>, <snowplow_tracker.self_describing_json.SelfDescribingJson object at 0x7fc430833a10>]}
[0m20:17:22.927730 [debug] [MainThread]: Flushing usage events
[0m20:17:22.031071 [debug] [MainThread]: An error was encountered while trying to flush usage events
[0m00:58:34.913265 [debug] [MainThread]: Sending event: {'category': 'dbt', 'action': 'invocation', 'label': 'start', 'context': [<snowplow_tracker.self_describing_json.SelfDescribingJson object at 0x10c402270>, <snowplow_tracker.self_describing_json.SelfDescribingJson object at 0x10d37d430>, <snowplow_tracker.self_describing_json.SelfDescribingJson object at 0x10d5195b0>]}


============================== 00:58:34.916986 | f07d0345-92c7-4c9b-a154-7c30dea8a763 ==============================
[0m00:58:34.916986 [info ] [MainThread]: Running with dbt=1.10.15
[0m00:58:34.917309 [debug] [MainThread]: running dbt with arguments {'profiles_dir': '/Users/codrul/.dbt', 'log_path': 'logs', 'no_print': 'None', 'debug': 'False', 'printer_width': '80', 'static_parser': 'True', 'warn_error_options': 'WarnErrorOptionsV2(error=[], warn=[], silence=[])', 'cache_selected_only': 'False', 'log_format': 'default', 'introspect': 'True', 'write_json': 'True', 'warn_error': 'None', 'fail_fast': 'False', 'log_cache_events': 'False', 'quiet': 'False', 'use_colors': 'True', 'partial_parse': 'True', 'invocation_command': 'dbt seed --full-refresh', 'version_check': 'True', 'send_anonymous_usage_stats': 'True', 'indirect_selection': 'eager', 'use_experimental_parser': 'False', 'empty': 'None', 'target_path': 'None'}
[0m00:58:34.917619 [error] [MainThread]: Encountered an error:
Runtime Error
  No dbt_project.yml found at expected path /Users/codrul/personal/Gym-Assistant/infra/dbt/dbt_project.yml
  Verify that each entry within packages.yml (and their transitive dependencies) contains a file named dbt_project.yml
  
[0m00:58:34.917947 [debug] [MainThread]: Resource report: {"command_name": "seed", "command_success": false, "command_wall_clock_time": 0.043157376, "process_in_blocks": "0", "process_kernel_time": 0.162418, "process_mem_max_rss": "107708416", "process_out_blocks": "0", "process_user_time": 0.595341}
[0m00:58:34.918193 [debug] [MainThread]: Command `dbt seed` failed at 00:58:34.918148 after 0.04 seconds
[0m00:58:34.918350 [debug] [MainThread]: Sending event: {'category': 'dbt', 'action': 'invocation', 'label': 'end', 'context': [<snowplow_tracker.self_describing_json.SelfDescribingJson object at 0x10d4b6570>, <snowplow_tracker.self_describing_json.SelfDescribingJson object at 0x10d5199d0>, <snowplow_tracker.self_describing_json.SelfDescribingJson object at 0x10d51ac00>]}
[0m00:58:34.918504 [debug] [MainThread]: Flushing usage events
[0m00:58:35.447604 [debug] [MainThread]: An error was encountered while trying to flush usage events
